<?xml version="1.0" encoding="UTF-8"?>
<TestRun id="8afd3c14-5fd4-4a8b-9aaf-83f611cba877" name="harjain@HARSH-DESKTOP 2016-11-29 10:49:21" runUser="FAREAST\harjain" xmlns="http://microsoft.com/schemas/VisualStudio/TeamTest/2010">
  <Times creation="2016-11-29T10:49:21.3321981+05:30" queuing="2016-11-29T10:49:21.3321981+05:30" start="0001-01-01 00:00:00Z" finish="2016-11-29T10:49:21.4385707+05:30" />
  <TestSettings name="default" id="b88a5cd3-86f3-42d2-8972-859b11af01ad">
    <Execution>
      <TestTypeSpecific />
    </Execution>
    <Deployment runDeploymentRoot="harjain_HARSH-DESKTOP 2016-11-29 10_49_21" />
    <Properties />
  </TestSettings>
  <Results>
    <UnitTestResult executionId="5561f085-23a7-43a2-aee2-eeee55881d6e" testId="74bc0c19-f93f-4762-929b-b71b11e05b67" testName="TestMethod1()" computerName="HARSH-DESKTOP" testType="13cdc9d9-ddb5-4fa4-a97d-d965ccfc6d4b" outcome="NotExecuted" testListId="8c84fa94-04c1-424b-9868-57a2d4851a1d" relativeResultsDirectory="5561f085-23a7-43a2-aee2-eeee55881d6e">
      <Output>
        <ErrorInfo>
          <Message>OneTimeSetUp: Ignore this test case:</Message>
        </ErrorInfo>
      </Output>
    </UnitTestResult>
    <UnitTestResult executionId="49598238-9d13-421f-b905-84ff5c541f9c" testId="88f1763f-67ae-40aa-90a5-2f39cd72f13d" testName="TestMethod2()" computerName="HARSH-DESKTOP" duration="00:00:00.0030000" startTime="2016-11-29T10:49:21.0000000+05:30" endTime="2016-11-29T10:49:21.0000000+05:30" testType="13cdc9d9-ddb5-4fa4-a97d-d965ccfc6d4b" outcome="Passed" testListId="8c84fa94-04c1-424b-9868-57a2d4851a1d" relativeResultsDirectory="49598238-9d13-421f-b905-84ff5c541f9c" />
  </Results>
  <TestDefinitions>
    <UnitTest name="TestMethod1()" storage="c:\users\harjain\documents\visual studio 2015\projects\unittestproject31\unittestproject31\bin\debug\unittestproject31.dll" id="74bc0c19-f93f-4762-929b-b71b11e05b67">
      <Execution id="5561f085-23a7-43a2-aee2-eeee55881d6e" />
      <TestMethod codeBase="C:\Users\harjain\Documents\Visual Studio 2015\Projects\UnitTestProject31\UnitTestProject31\bin\Debug\UnitTestProject31.dll" adapterTypeName="Microsoft.VisualStudio.TestTools.TestTypes.Unit.UnitTestAdapter" className="UnitTestProject3.UnitTest1" name="TestMethod1()" />
    </UnitTest>
    <UnitTest name="TestMethod2()" storage="c:\users\harjain\documents\visual studio 2015\projects\unittestproject31\unittestproject31\bin\debug\unittestproject31.dll" id="88f1763f-67ae-40aa-90a5-2f39cd72f13d">
      <Execution id="49598238-9d13-421f-b905-84ff5c541f9c" />
      <TestMethod codeBase="C:\Users\harjain\Documents\Visual Studio 2015\Projects\UnitTestProject31\UnitTestProject31\bin\Debug\UnitTestProject31.dll" adapterTypeName="Microsoft.VisualStudio.TestTools.TestTypes.Unit.UnitTestAdapter" className="UnitTestProject3.UnitTest1" name="TestMethod2()" />
    </UnitTest>
  </TestDefinitions>
  <TestEntries>
    <TestEntry testId="74bc0c19-f93f-4762-929b-b71b11e05b67" executionId="5561f085-23a7-43a2-aee2-eeee55881d6e" testListId="8c84fa94-04c1-424b-9868-57a2d4851a1d" />
    <TestEntry testId="88f1763f-67ae-40aa-90a5-2f39cd72f13d" executionId="49598238-9d13-421f-b905-84ff5c541f9c" testListId="8c84fa94-04c1-424b-9868-57a2d4851a1d" />
  </TestEntries>
  <TestLists>
    <TestList name="Results Not in a List" id="8c84fa94-04c1-424b-9868-57a2d4851a1d" />
    <TestList name="All Loaded Results" id="19431567-8539-422a-85d7-44ee4e166bda" />
  </TestLists>
  <ResultSummary outcome="Completed">
    <Counters total="2" executed="1" passed="1" failed="0" error="0" timeout="0" aborted="0" inconclusive="0" passedButRunAborted="0" notRunnable="0" notExecuted="0" disconnected="0" warning="0" completed="0" inProgress="0" pending="0" />
    <Output>
      <StdOut>NUnit Adapter 3.6.0.0: Test execution startedRunning all tests in C:\Users\harjain\Documents\Visual Studio 2015\Projects\UnitTestProject31\UnitTestProject31\bin\Debug\UnitTestProject31.dllNUnit3TestExecutor converted 2 of 2 NUnit test casesNUnit Adapter 3.6.0.0: Test execution completeTest 'TestMethod1()' was skipped in the test run.</StdOut>
    </Output>
  </ResultSummary>
</TestRun>